<?xml version="1.0" encoding="UTF-8"?>
<!-- Generated by org.testng.reporters.JUnitReportReporter -->
<testsuite hostname="DESKTOP-729RCR4" failures="0" tests="1" name="com.StudentEnrollment.scripts.TestClassStudents" time="0.322" errors="0" timestamp="2022-03-19T22:52:48 IST" skipped="0">
  <testcase classname="com.StudentEnrollment.scripts.TestClassStudents" name="verifyallstudents" time="0.322"/>
  <system-out/>
</testsuite> <!-- com.StudentEnrollment.scripts.TestClassStudents -->
