<?xml version="1.0" encoding="UTF-8"?>
<!-- Generated by org.testng.reporters.JUnitReportReporter -->
<testsuite hostname="DESKTOP-729RCR4" failures="0" tests="6" name="com.StudentEnrollment.scripts.TestClassLogin" time="77.876" errors="0" timestamp="2022-03-27T19:21:23 IST" skipped="0">
  <testcase classname="com.StudentEnrollment.scripts.TestClassLogin" name="verifyVuIp" time="51.738"/>
  <system-out/>
  <testcase classname="com.StudentEnrollment.scripts.TestClassLogin" name="verifyIuVp" time="9.563"/>
  <system-out/>
  <testcase classname="com.StudentEnrollment.scripts.TestClassLogin" name="verifyIuIp" time="3.983"/>
  <system-out/>
  <testcase classname="com.StudentEnrollment.scripts.TestClassLogin" name="verifyVuVpS" time="4.475"/>
  <system-out/>
  <testcase classname="com.StudentEnrollment.scripts.TestClassLogin" name="verifyVuVpE" time="3.907"/>
  <system-out/>
  <testcase classname="com.StudentEnrollment.scripts.TestClassLogin" name="verifyValidLogin" time="4.210"/>
  <system-out/>
</testsuite> <!-- com.StudentEnrollment.scripts.TestClassLogin -->
