<?xml version="1.0" encoding="UTF-8"?>
<!-- Generated by org.testng.reporters.JUnitReportReporter -->
<testsuite hostname="DESKTOP-729RCR4" failures="0" tests="2" name="com.StudentEnrollment.scripts.TestClassLanding" time="8.446" errors="0" timestamp="2022-03-19T22:52:47 IST" skipped="0">
  <testcase classname="com.StudentEnrollment.scripts.TestClassLanding" name="verifyLandingPage" time="1.034"/>
  <system-out/>
  <testcase classname="com.StudentEnrollment.scripts.TestClassLanding" name="socialmediaicon" time="7.412"/>
  <system-out/>
</testsuite> <!-- com.StudentEnrollment.scripts.TestClassLanding -->
