<?xml version="1.0" encoding="UTF-8"?>
<!-- Generated by org.testng.reporters.JUnitReportReporter -->
<testsuite hostname="DESKTOP-729RCR4" failures="0" tests="5" name="com.StudentEnrollment.scripts.TestClassCourse" time="401.664" errors="0" timestamp="2022-03-27T19:21:23 IST" skipped="0">
  <testcase classname="com.StudentEnrollment.scripts.TestClassCourse" name="verifyAddCourse" time="55.800"/>
  <system-out/>
  <testcase classname="com.StudentEnrollment.scripts.TestClassCourse" name="VerifyUpdateCourse" time="68.150"/>
  <system-out/>
  <testcase classname="com.StudentEnrollment.scripts.TestClassCourse" name="VerifyInvalidCourse" time="80.867"/>
  <system-out/>
  <testcase classname="com.StudentEnrollment.scripts.TestClassCourse" name="VerifyKnowMore" time="93.044"/>
  <system-out/>
  <testcase classname="com.StudentEnrollment.scripts.TestClassCourse" name="Verifydelete" time="103.803"/>
  <system-out/>
</testsuite> <!-- com.StudentEnrollment.scripts.TestClassCourse -->
