<?xml version="1.0" encoding="UTF-8"?>
<!-- Generated by org.testng.reporters.JUnitReportReporter -->
<testsuite hostname="DESKTOP-729RCR4" failures="0" tests="2" name="com.StudentEnrollment.scripts.TestClassLanding" time="102.691" errors="0" timestamp="2022-03-27T19:21:23 IST" skipped="0">
  <testcase classname="com.StudentEnrollment.scripts.TestClassLanding" name="verifyLandingPage" time="2.347"/>
  <system-out/>
  <testcase classname="com.StudentEnrollment.scripts.TestClassLanding" name="socialmediaicon" time="100.344"/>
  <system-out/>
</testsuite> <!-- com.StudentEnrollment.scripts.TestClassLanding -->
