<?xml version="1.0" encoding="UTF-8"?>
<!-- Generated by org.testng.reporters.JUnitReportReporter -->
<testsuite hostname="DESKTOP-729RCR4" failures="0" tests="4" name="com.StudentEnrollment.scripts.TestClassCourse" time="21.456" errors="0" timestamp="2022-03-19T22:52:47 IST" skipped="0">
  <testcase classname="com.StudentEnrollment.scripts.TestClassCourse" name="verifyAddCourse" time="1.867"/>
  <system-out/>
  <testcase classname="com.StudentEnrollment.scripts.TestClassCourse" name="VerifyUpdateCourse" time="6.485"/>
  <system-out/>
  <testcase classname="com.StudentEnrollment.scripts.TestClassCourse" name="VerifyKnowMore" time="5.523"/>
  <system-out/>
  <testcase classname="com.StudentEnrollment.scripts.TestClassCourse" name="Verifydelete" time="7.581"/>
  <system-out/>
</testsuite> <!-- com.StudentEnrollment.scripts.TestClassCourse -->
