<?xml version="1.0" encoding="UTF-8"?>
<!-- Generated by org.testng.reporters.JUnitReportReporter -->
<testsuite hostname="DESKTOP-729RCR4" failures="0" tests="6" name="com.StudentEnrollment.scripts.TestClassLogin" time="8.507" errors="0" timestamp="2022-03-19T22:52:48 IST" skipped="0">
  <testcase classname="com.StudentEnrollment.scripts.TestClassLogin" name="verifyVuIp" time="2.426"/>
  <system-out/>
  <testcase classname="com.StudentEnrollment.scripts.TestClassLogin" name="verifyIuVp" time="1.211"/>
  <system-out/>
  <testcase classname="com.StudentEnrollment.scripts.TestClassLogin" name="verifyIuIp" time="1.223"/>
  <system-out/>
  <testcase classname="com.StudentEnrollment.scripts.TestClassLogin" name="verifyVuVpS" time="1.241"/>
  <system-out/>
  <testcase classname="com.StudentEnrollment.scripts.TestClassLogin" name="verifyVuVpE" time="1.213"/>
  <system-out/>
  <testcase classname="com.StudentEnrollment.scripts.TestClassLogin" name="verifyValidLogin" time="1.193"/>
  <system-out/>
</testsuite> <!-- com.StudentEnrollment.scripts.TestClassLogin -->
