<?xml version="1.0" encoding="UTF-8"?>
<!-- Generated by org.testng.reporters.JUnitReportReporter -->
<testsuite hostname="DESKTOP-729RCR4" failures="0" tests="1" name="com.StudentEnrollment.scripts.TestClassStudents" time="136.654" errors="0" timestamp="2022-03-27T19:21:23 IST" skipped="0">
  <testcase classname="com.StudentEnrollment.scripts.TestClassStudents" name="verifyallstudents" time="136.654"/>
  <system-out/>
</testsuite> <!-- com.StudentEnrollment.scripts.TestClassStudents -->
